\BOOKMARK [1][-]{section.1}{\376\377\000F\000i\000r\000s\000t\000\040\000S\000e\000c\000t\000i\000o\000n}{}% 1
\BOOKMARK [2][-]{subsection.1.1}{\376\377\000D\000a\000v\000i\000d\000\040\000a\000n\000d\000\040\000J\000o\000n\000a\000t\000h\000a\000n}{section.1}% 2
\BOOKMARK [2][-]{subsection.1.2}{\376\377\000T\000h\000e\000\040\000P\000r\000o\000p\000h\000e\000t\000\040\000S\000a\000m\000u\000e\000l}{section.1}% 3
\BOOKMARK [3][-]{subsubsection.1.2.1}{\376\377\000I\000s\000r\000a\000e\000l\000\040\000i\000n\000\040\000t\000h\000e\000\040\000T\000i\000m\000e\000\040\000o\000f\000\040\000t\000h\000e\000\040\000J\000u\000d\000g\000e\000s}{subsection.1.2}% 4
\BOOKMARK [3][-]{subsubsection.1.2.2}{\376\377\000H\000a\000n\000n\000a\000h\040\031\000s\000\040\000S\000o\000n\000g}{subsection.1.2}% 5
\BOOKMARK [3][-]{subsubsection.1.2.3}{\376\377\000T\000h\000e\000\040\000J\000u\000d\000g\000m\000e\000n\000t\000\040\000u\000p\000o\000n\000\040\000t\000h\000e\000\040\000H\000o\000u\000s\000e\000\040\000o\000f\000\040\000E\000l\000i}{subsection.1.2}% 6
\BOOKMARK [3][-]{subsubsection.1.2.4}{\376\377\000T\000h\000e\000\040\000D\000e\000l\000i\000v\000e\000r\000a\000n\000c\000e\000\040\000f\000r\000o\000m\000\040\000t\000h\000e\000\040\000P\000h\000i\000l\000i\000s\000t\000i\000n\000e\000s}{subsection.1.2}% 7
\BOOKMARK [3][-]{subsubsection.1.2.5}{\376\377\000T\000h\000e\000\040\000K\000i\000n\000g\000d\000o\000m\000\040\000i\000n\000\040\000I\000s\000r\000a\000e\000l}{subsection.1.2}% 8
\BOOKMARK [3][-]{subsubsection.1.2.6}{\376\377\000S\000a\000u\000l\000\040\000a\000n\000d\000\040\000D\000a\000v\000i\000d}{subsection.1.2}% 9
\BOOKMARK [2][-]{subsection.1.3}{\376\377\000T\000h\000e\000\040\000P\000r\000o\000p\000h\000e\000t\000\040\000J\000e\000r\000e\000m\000i\000a\000h}{section.1}% 10
\BOOKMARK [3][-]{subsubsection.1.3.1}{\376\377\000I\000s\000r\000a\000e\000l\040\031\000s\000\040\000P\000e\000o\000p\000l\000e\000\040\000i\000n\000\040\000t\000h\000e\000\040\000T\000i\000m\000e\000\040\000o\000f\000\040\000J\000e\000r\000e\000m\000i\000a\000h}{subsection.1.3}% 11
\BOOKMARK [3][-]{subsubsection.1.3.2}{\376\377\000T\000h\000e\000\040\000P\000r\000o\000p\000h\000e\000t\000'\000s\000\040\000L\000i\000f\000e}{subsection.1.3}% 12
\BOOKMARK [3][-]{subsubsection.1.3.3}{\376\377\000J\000e\000r\000e\000m\000i\000a\000h\040\031\000s\000\040\000B\000o\000o\000k}{subsection.1.3}% 13
\BOOKMARK [1][-]{section.2}{\376\377\000S\000e\000c\000o\000n\000d\000\040\000S\000e\000c\000t\000i\000o\000n}{}% 14
\BOOKMARK [2][-]{subsection.2.1}{\376\377\000T\000h\000e\000\040\000F\000r\000e\000e\000\040\000C\000h\000u\000r\000c\000h\000\040\000i\000n\000\040\000H\000i\000s\000t\000o\000r\000y}{section.2}% 15
\BOOKMARK [2][-]{subsection.2.2}{\376\377\000T\000h\000e\000\040\000C\000h\000u\000r\000c\000h\000\040\000a\000n\000d\000\040\000t\000h\000e\000\040\000E\000c\000c\000l\000e\000s\000i\000a\000s\000t\000i\000c\000a\000l\000\040\000C\000o\000m\000m\000u\000n\000i\000o\000n\000s}{section.2}% 16
\BOOKMARK [2][-]{subsection.2.3}{\376\377\000M\000e\000m\000o\000r\000i\000e\000s\000\040\000F\000r\000o\000m\000\040\000N\000o\000r\000w\000a\000y}{section.2}% 17
\BOOKMARK [3][-]{subsubsection.2.3.1}{\376\377\000T\000h\000e\000\040\000R\000e\000v\000i\000v\000a\000l\000\040\000t\000h\000r\000o\000u\000g\000h\000\040\000H\000a\000u\000g\000e}{subsection.2.3}% 18
\BOOKMARK [3][-]{subsubsection.2.3.2}{\376\377\000H\000e\000r\000s\000l\000e\000b\000\040\000a\000n\000d\000\040\000S\000t\000e\000n\000e\000r\000s\000e\000n}{subsection.2.3}% 19
\BOOKMARK [3][-]{subsubsection.2.3.3}{\376\377\000T\000h\000e\000\040\000A\000w\000a\000k\000e\000n\000i\000n\000g\000\040\000M\000i\000s\000s\000i\000o\000n\000a\000r\000y\000\040\000S\000p\000i\000r\000i\000t}{subsection.2.3}% 20
\BOOKMARK [3][-]{subsubsection.2.3.4}{\376\377\000T\000h\000e\000\040\000S\000t\000r\000u\000g\000g\000l\000e\000\040\000f\000o\000r\000\040\000R\000e\000l\000i\000g\000i\000o\000u\000s\000\040\000F\000r\000e\000e\000d\000o\000m}{subsection.2.3}% 21
\BOOKMARK [3][-]{subsubsection.2.3.5}{\376\377\000T\000h\000e\000\040\000T\000e\000x\000t\000b\000o\000o\000k\000\040\000C\000o\000n\000t\000r\000o\000v\000e\000r\000s\000y}{subsection.2.3}% 22
